{"uid":"58910a7098599238","name":"loginTest","fullName":"org.mytests.tests.example.FormTests.loginTest","historyId":"e60f2a844977a19fb6080bfba934739e","time":{"start":1654274352169,"stop":1654274376814,"duration":24645},"status":"broken","statusMessage":"\n[39:36.812] java.lang.NullPointerException\nFailed to execute 'WebPage.getUrl' for element 'WebPage' during '10' seconds. Cannot invoke \"org.openqa.selenium.WebDriver.getCurrentUrl()\" because the return value of \"com.epam.jdi.light.driver.WebDriverFactory.getDriver()\" is null","statusTrace":"java.lang.RuntimeException: \n[39:36.812] java.lang.NullPointerException\nFailed to execute 'WebPage.getUrl' for element 'WebPage' during '10' seconds. Cannot invoke \"org.openqa.selenium.WebDriver.getCurrentUrl()\" because the return value of \"com.epam.jdi.light.driver.WebDriverFactory.getDriver()\" is null\n\tat com.epam.jdi.light.common.Exceptions.exception(Exceptions.java:31)\n\tat com.epam.jdi.light.actions.ActionHelper.actionFailed(ActionHelper.java:401)\n\tat com.jdiai.tools.func.JFunc2.execute(JFunc2.java:19)\n\tat com.epam.jdi.light.actions.ActionProcessor.jdiAround(ActionProcessor.java:55)\n\tat com.epam.jdi.light.elements.composite.WebPage.getUrl(WebPage.java:162)\n\tat org.mytests.tests.states.States.onSite(States.java:14)\n\tat org.mytests.tests.states.States.shouldBeLoggedOut(States.java:30)\n\tat org.mytests.tests.example.FormTests.loginTest(FormTests.java:21)\n\tat java.base/jdk.internal.reflect.NativeMethodAccessorImpl.invoke0(Native Method)\n\tat java.base/jdk.internal.reflect.NativeMethodAccessorImpl.invoke(NativeMethodAccessorImpl.java:64)\n\tat java.base/jdk.internal.reflect.DelegatingMethodAccessorImpl.invoke(DelegatingMethodAccessorImpl.java:43)\n\tat java.base/java.lang.reflect.Method.invoke(Method.java:564)\n\tat org.testng.internal.MethodInvocationHelper.invokeMethod(MethodInvocationHelper.java:133)\n\tat org.testng.internal.TestInvoker.invokeMethod(TestInvoker.java:598)\n\tat org.testng.internal.TestInvoker.invokeTestMethod(TestInvoker.java:173)\n\tat org.testng.internal.MethodRunner.runInSequence(MethodRunner.java:46)\n\tat org.testng.internal.TestInvoker$MethodInvocationAgent.invoke(TestInvoker.java:824)\n\tat org.testng.internal.TestInvoker.invokeTestMethods(TestInvoker.java:146)\n\tat org.testng.internal.TestMethodWorker.invokeTestMethods(TestMethodWorker.java:146)\n\tat org.testng.internal.TestMethodWorker.run(TestMethodWorker.java:128)\n\tat java.base/java.util.concurrent.ThreadPoolExecutor.runWorker(ThreadPoolExecutor.java:1130)\n\tat java.base/java.util.concurrent.ThreadPoolExecutor$Worker.run(ThreadPoolExecutor.java:630)\n\tat java.base/java.lang.Thread.run(Thread.java:832)\nCaused by: java.lang.RuntimeException: java.lang.NullPointerException\n\nFailed to execute 'WebPage.getUrl' for element 'WebPage' during '10' seconds. Cannot invoke \"org.openqa.selenium.WebDriver.getCurrentUrl()\" because the return value of \"com.epam.jdi.light.driver.WebDriverFactory.getDriver()\" is null\n\tat com.epam.jdi.light.common.Exceptions.exception(Exceptions.java:34)\n\tat com.epam.jdi.light.actions.ActionHelper.stableAction(ActionHelper.java:671)\n\tat com.epam.jdi.light.actions.ActionProcessor.jdiAround(ActionProcessor.java:48)\n\t... 19 more\nCaused by: java.lang.NullPointerException: Cannot invoke \"org.openqa.selenium.WebDriver.getCurrentUrl()\" because the return value of \"com.epam.jdi.light.driver.WebDriverFactory.getDriver()\" is null\n\tat com.epam.jdi.light.elements.composite.WebPage.getUrl_aroundBody16(WebPage.java:163)\n\tat com.epam.jdi.light.elements.composite.WebPage$AjcClosure17.run(WebPage.java:1)\n\tat org.aspectj.runtime.reflect.JoinPointImpl.proceed(JoinPointImpl.java:167)\n\tat com.epam.jdi.light.actions.ActionObject.execute(ActionObject.java:61)\n\tat com.epam.jdi.light.actions.ActionHelper.invokeAction(ActionHelper.java:681)\n\tat com.epam.jdi.light.actions.ActionHelper.stableAction(ActionHelper.java:669)\n\t... 20 more\n","flaky":false,"newFailed":false,"newBroken":false,"newPassed":false,"retriesCount":0,"retriesStatusChange":false,"beforeStages":[{"name":"setUp","time":{"start":1654274312022,"stop":1654274314052,"duration":2030},"description":"","status":"passed","steps":[],"attachments":[],"parameters":[],"stepsCount":0,"attachmentsCount":0,"shouldDisplayMessage":false,"hasContent":false}],"testStage":{"status":"broken","statusMessage":"\n[39:36.812] java.lang.NullPointerException\nFailed to execute 'WebPage.getUrl' for element 'WebPage' during '10' seconds. Cannot invoke \"org.openqa.selenium.WebDriver.getCurrentUrl()\" because the return value of \"com.epam.jdi.light.driver.WebDriverFactory.getDriver()\" is null","statusTrace":"java.lang.RuntimeException: \n[39:36.812] java.lang.NullPointerException\nFailed to execute 'WebPage.getUrl' for element 'WebPage' during '10' seconds. Cannot invoke \"org.openqa.selenium.WebDriver.getCurrentUrl()\" because the return value of \"com.epam.jdi.light.driver.WebDriverFactory.getDriver()\" is null\n\tat com.epam.jdi.light.common.Exceptions.exception(Exceptions.java:31)\n\tat com.epam.jdi.light.actions.ActionHelper.actionFailed(ActionHelper.java:401)\n\tat com.jdiai.tools.func.JFunc2.execute(JFunc2.java:19)\n\tat com.epam.jdi.light.actions.ActionProcessor.jdiAround(ActionProcessor.java:55)\n\tat com.epam.jdi.light.elements.composite.WebPage.getUrl(WebPage.java:162)\n\tat org.mytests.tests.states.States.onSite(States.java:14)\n\tat org.mytests.tests.states.States.shouldBeLoggedOut(States.java:30)\n\tat org.mytests.tests.example.FormTests.loginTest(FormTests.java:21)\n\tat java.base/jdk.internal.reflect.NativeMethodAccessorImpl.invoke0(Native Method)\n\tat java.base/jdk.internal.reflect.NativeMethodAccessorImpl.invoke(NativeMethodAccessorImpl.java:64)\n\tat java.base/jdk.internal.reflect.DelegatingMethodAccessorImpl.invoke(DelegatingMethodAccessorImpl.java:43)\n\tat java.base/java.lang.reflect.Method.invoke(Method.java:564)\n\tat org.testng.internal.MethodInvocationHelper.invokeMethod(MethodInvocationHelper.java:133)\n\tat org.testng.internal.TestInvoker.invokeMethod(TestInvoker.java:598)\n\tat org.testng.internal.TestInvoker.invokeTestMethod(TestInvoker.java:173)\n\tat org.testng.internal.MethodRunner.runInSequence(MethodRunner.java:46)\n\tat org.testng.internal.TestInvoker$MethodInvocationAgent.invoke(TestInvoker.java:824)\n\tat org.testng.internal.TestInvoker.invokeTestMethods(TestInvoker.java:146)\n\tat org.testng.internal.TestMethodWorker.invokeTestMethods(TestMethodWorker.java:146)\n\tat org.testng.internal.TestMethodWorker.run(TestMethodWorker.java:128)\n\tat java.base/java.util.concurrent.ThreadPoolExecutor.runWorker(ThreadPoolExecutor.java:1130)\n\tat java.base/java.util.concurrent.ThreadPoolExecutor$Worker.run(ThreadPoolExecutor.java:630)\n\tat java.base/java.lang.Thread.run(Thread.java:832)\nCaused by: java.lang.RuntimeException: java.lang.NullPointerException\n\nFailed to execute 'WebPage.getUrl' for element 'WebPage' during '10' seconds. Cannot invoke \"org.openqa.selenium.WebDriver.getCurrentUrl()\" because the return value of \"com.epam.jdi.light.driver.WebDriverFactory.getDriver()\" is null\n\tat com.epam.jdi.light.common.Exceptions.exception(Exceptions.java:34)\n\tat com.epam.jdi.light.actions.ActionHelper.stableAction(ActionHelper.java:671)\n\tat com.epam.jdi.light.actions.ActionProcessor.jdiAround(ActionProcessor.java:48)\n\t... 19 more\nCaused by: java.lang.NullPointerException: Cannot invoke \"org.openqa.selenium.WebDriver.getCurrentUrl()\" because the return value of \"com.epam.jdi.light.driver.WebDriverFactory.getDriver()\" is null\n\tat com.epam.jdi.light.elements.composite.WebPage.getUrl_aroundBody16(WebPage.java:163)\n\tat com.epam.jdi.light.elements.composite.WebPage$AjcClosure17.run(WebPage.java:1)\n\tat org.aspectj.runtime.reflect.JoinPointImpl.proceed(JoinPointImpl.java:167)\n\tat com.epam.jdi.light.actions.ActionObject.execute(ActionObject.java:61)\n\tat com.epam.jdi.light.actions.ActionHelper.invokeAction(ActionHelper.java:681)\n\tat com.epam.jdi.light.actions.ActionHelper.stableAction(ActionHelper.java:669)\n\t... 20 more\n","steps":[{"name":"shouldBeLoggedOut","time":{"start":1654274352170,"stop":1654274376812,"duration":24642},"status":"broken","statusMessage":"\n[39:36.812] java.lang.NullPointerException\nFailed to execute 'WebPage.getUrl' for element 'WebPage' during '10' seconds. Cannot invoke \"org.openqa.selenium.WebDriver.getCurrentUrl()\" because the return value of \"com.epam.jdi.light.driver.WebDriverFactory.getDriver()\" is null","statusTrace":"java.lang.RuntimeException: \n[39:36.812] java.lang.NullPointerException\nFailed to execute 'WebPage.getUrl' for element 'WebPage' during '10' seconds. Cannot invoke \"org.openqa.selenium.WebDriver.getCurrentUrl()\" because the return value of \"com.epam.jdi.light.driver.WebDriverFactory.getDriver()\" is null\n\tat com.epam.jdi.light.common.Exceptions.exception(Exceptions.java:31)\n\tat com.epam.jdi.light.actions.ActionHelper.actionFailed(ActionHelper.java:401)\n\tat com.jdiai.tools.func.JFunc2.execute(JFunc2.java:19)\n\tat com.epam.jdi.light.actions.ActionProcessor.jdiAround(ActionProcessor.java:55)\n\tat com.epam.jdi.light.elements.composite.WebPage.getUrl(WebPage.java:162)\n\tat org.mytests.tests.states.States.onSite(States.java:14)\n\tat org.mytests.tests.states.States.shouldBeLoggedOut(States.java:30)\n\tat org.mytests.tests.example.FormTests.loginTest(FormTests.java:21)\n\tat java.base/jdk.internal.reflect.NativeMethodAccessorImpl.invoke0(Native Method)\n\tat java.base/jdk.internal.reflect.NativeMethodAccessorImpl.invoke(NativeMethodAccessorImpl.java:64)\n\tat java.base/jdk.internal.reflect.DelegatingMethodAccessorImpl.invoke(DelegatingMethodAccessorImpl.java:43)\n\tat java.base/java.lang.reflect.Method.invoke(Method.java:564)\n\tat org.testng.internal.MethodInvocationHelper.invokeMethod(MethodInvocationHelper.java:133)\n\tat org.testng.internal.TestInvoker.invokeMethod(TestInvoker.java:598)\n\tat org.testng.internal.TestInvoker.invokeTestMethod(TestInvoker.java:173)\n\tat org.testng.internal.MethodRunner.runInSequence(MethodRunner.java:46)\n\tat org.testng.internal.TestInvoker$MethodInvocationAgent.invoke(TestInvoker.java:824)\n\tat org.testng.internal.TestInvoker.invokeTestMethods(TestInvoker.java:146)\n\tat org.testng.internal.TestMethodWorker.invokeTestMethods(TestMethodWorker.java:146)\n\tat org.testng.internal.TestMethodWorker.run(TestMethodWorker.java:128)\n\tat java.base/java.util.concurrent.ThreadPoolExecutor.runWorker(ThreadPoolExecutor.java:1130)\n\tat java.base/java.util.concurrent.ThreadPoolExecutor$Worker.run(ThreadPoolExecutor.java:630)\n\tat java.base/java.lang.Thread.run(Thread.java:832)\nCaused by: java.lang.RuntimeException: java.lang.NullPointerException\n\nFailed to execute 'WebPage.getUrl' for element 'WebPage' during '10' seconds. Cannot invoke \"org.openqa.selenium.WebDriver.getCurrentUrl()\" because the return value of \"com.epam.jdi.light.driver.WebDriverFactory.getDriver()\" is null\n\tat com.epam.jdi.light.common.Exceptions.exception(Exceptions.java:34)\n\tat com.epam.jdi.light.actions.ActionHelper.stableAction(ActionHelper.java:671)\n\tat com.epam.jdi.light.actions.ActionProcessor.jdiAround(ActionProcessor.java:48)\n\t... 19 more\nCaused by: java.lang.NullPointerException: Cannot invoke \"org.openqa.selenium.WebDriver.getCurrentUrl()\" because the return value of \"com.epam.jdi.light.driver.WebDriverFactory.getDriver()\" is null\n\tat com.epam.jdi.light.elements.composite.WebPage.getUrl_aroundBody16(WebPage.java:163)\n\tat com.epam.jdi.light.elements.composite.WebPage$AjcClosure17.run(WebPage.java:1)\n\tat org.aspectj.runtime.reflect.JoinPointImpl.proceed(JoinPointImpl.java:167)\n\tat com.epam.jdi.light.actions.ActionObject.execute(ActionObject.java:61)\n\tat com.epam.jdi.light.actions.ActionHelper.invokeAction(ActionHelper.java:681)\n\tat com.epam.jdi.light.actions.ActionHelper.stableAction(ActionHelper.java:669)\n\t... 20 more\n","steps":[],"attachments":[],"parameters":[],"stepsCount":0,"attachmentsCount":0,"shouldDisplayMessage":true,"hasContent":true}],"attachments":[],"parameters":[],"stepsCount":1,"attachmentsCount":0,"shouldDisplayMessage":false,"hasContent":true},"afterStages":[{"name":"teardown","time":{"start":1654274402722,"stop":1654274402768,"duration":46},"description":"","status":"passed","steps":[],"attachments":[],"parameters":[],"stepsCount":0,"attachmentsCount":0,"shouldDisplayMessage":false,"hasContent":false}],"labels":[{"name":"package","value":"org.mytests.tests.example.FormTests"},{"name":"testClass","value":"org.mytests.tests.example.FormTests"},{"name":"testMethod","value":"loginTest"},{"name":"parentSuite","value":"JDI-Light Performance"},{"name":"suite","value":"Tests"},{"name":"subSuite","value":"org.mytests.tests.example.FormTests"},{"name":"host","value":"fv-az292-435"},{"name":"thread","value":"2746@fv-az292-435.TestNG-test=Tests-1(19)"},{"name":"framework","value":"testng"},{"name":"language","value":"java"},{"name":"resultFormat","value":"allure2"}],"parameters":[],"links":[],"hidden":false,"retry":false,"extra":{"severity":"normal","retries":[],"categories":[{"name":"Test defects","matchedStatuses":[],"flaky":false}],"history":{"statistic":{"failed":0,"broken":2,"skipped":4,"passed":75,"unknown":0,"total":81},"items":[{"uid":"aa655ff70efb6ab1","reportUrl":"https://jdi-templates.github.io/jdi-light-testng-template/13//#testresult/aa655ff70efb6ab1","status":"broken","statusDetails":"java.lang.NullPointerException","time":{"start":1654274077704,"stop":1654274102268,"duration":24564}},{"uid":"818057a80104f4fc","reportUrl":"https://jdi-templates.github.io/jdi-light-testng-template/12//#testresult/818057a80104f4fc","status":"passed","time":{"start":1649161420701,"stop":1649161423173,"duration":2472}},{"uid":"5860cbedc5e027b8","reportUrl":"https://jdi-templates.github.io/jdi-light-testng-template/12//#testresult/5860cbedc5e027b8","status":"passed","time":{"start":1649161124810,"stop":1649161128708,"duration":3898}},{"uid":"e014037257cb6875","reportUrl":"https://jdi-templates.github.io/jdi-light-testng-template/11//#testresult/e014037257cb6875","status":"passed","time":{"start":1649158411005,"stop":1649158414273,"duration":3268}},{"uid":"41d3d23918cf848b","reportUrl":"https://jdi-templates.github.io/jdi-light-testng-template/11//#testresult/41d3d23918cf848b","status":"passed","time":{"start":1649158101573,"stop":1649158105524,"duration":3951}},{"uid":"4199406f76d0bcd1","reportUrl":"https://jdi-templates.github.io/jdi-light-testng-template/8//#testresult/4199406f76d0bcd1","status":"passed","time":{"start":1634235787258,"stop":1634235791905,"duration":4647}},{"uid":"c7a7144037664a1f","reportUrl":"https://jdi-templates.github.io/jdi-light-testng-template/6//#testresult/c7a7144037664a1f","status":"passed","time":{"start":1634232728484,"stop":1634232732511,"duration":4027}},{"uid":"7677154c5ec7c4cf","reportUrl":"https://jdi-templates.github.io/jdi-light-testng-template/3//#testresult/7677154c5ec7c4cf","status":"passed","time":{"start":1634231533934,"stop":1634231538548,"duration":4614}},{"uid":"cf7071e929aa3e1c","reportUrl":"https://jdi-templates.github.io/jdi-light-testng-template/3//#testresult/cf7071e929aa3e1c","status":"passed","time":{"start":1634231031893,"stop":1634231037257,"duration":5364}},{"uid":"2271593ef167144b","reportUrl":"https://jdi-templates.github.io/jdi-light-testng-template/1//#testresult/2271593ef167144b","status":"passed","time":{"start":1634230496825,"stop":1634230502003,"duration":5178}},{"uid":"1967af5edeb3aea1","reportUrl":"https://jdi-templates.github.io/jdi-light-testng-template/1//#testresult/1967af5edeb3aea1","status":"passed","time":{"start":1634230163462,"stop":1634230168405,"duration":4943}},{"uid":"bf5c04e85d678963","reportUrl":"https://jdi-templates.github.io/jdi-light-testng-template/1//#testresult/bf5c04e85d678963","status":"passed","time":{"start":1634229640837,"stop":1634229646200,"duration":5363}},{"uid":"609265c3ce30ff16","reportUrl":"https://jdi-templates.github.io/jdi-light-testng-template/1//#testresult/609265c3ce30ff16","status":"passed","time":{"start":1634229141950,"stop":1634229147006,"duration":5056}},{"uid":"8a3af355c352ef6b","reportUrl":"https://jdi-templates.github.io/jdi-light-testng-template/1//#testresult/8a3af355c352ef6b","status":"passed","time":{"start":1634228574473,"stop":1634228579991,"duration":5518}},{"uid":"e71f9c5fd561936","reportUrl":"https://jdi-templates.github.io/jdi-light-testng-template/4//#testresult/e71f9c5fd561936","status":"passed","time":{"start":1634228122398,"stop":1634228127660,"duration":5262}},{"uid":"b3bb76856c7a2984","reportUrl":"https://jdi-templates.github.io/jdi-light-testng-template/1//#testresult/b3bb76856c7a2984","status":"passed","time":{"start":1634227534736,"stop":1634227540077,"duration":5341}},{"uid":"aa2775b68e009269","reportUrl":"https://jdi-templates.github.io/jdi-light-testng-template/14//#testresult/aa2775b68e009269","status":"passed","time":{"start":1634224491015,"stop":1634224493858,"duration":2843}},{"uid":"86997ff7fc344b34","reportUrl":"https://jdi-templates.github.io/jdi-light-testng-template/14//#testresult/86997ff7fc344b34","status":"passed","time":{"start":1634224282718,"stop":1634224285510,"duration":2792}},{"uid":"60fa6c7d68ca4316","reportUrl":"https://jdi-templates.github.io/jdi-light-testng-template/14//#testresult/60fa6c7d68ca4316","status":"passed","time":{"start":1634224026131,"stop":1634224028975,"duration":2844}},{"uid":"7a3b03a3011a82b","reportUrl":"https://jdi-templates.github.io/jdi-light-testng-template/14//#testresult/7a3b03a3011a82b","status":"passed","time":{"start":1634223718712,"stop":1634223722171,"duration":3459}}]},"tags":[]},"source":"58910a7098599238.json","parameterValues":[]}