{"uid":"6cb5b94e97293ea","name":"fillContactFormTest","fullName":"org.mytests.tests.example.FormTests.fillContactFormTest","historyId":"8e41cf811ea4cbd476913f3a9fb7c08c","time":{"start":1654274351246,"stop":1654274376663,"duration":25417},"status":"broken","statusMessage":"\n[39:36.658] java.lang.NullPointerException\nFailed to execute 'WebPage.getUrl' for element 'WebPage' during '10' seconds. Cannot invoke \"org.openqa.selenium.WebDriver.getCurrentUrl()\" because the return value of \"com.epam.jdi.light.driver.WebDriverFactory.getDriver()\" is null","statusTrace":"java.lang.RuntimeException: \n[39:36.658] java.lang.NullPointerException\nFailed to execute 'WebPage.getUrl' for element 'WebPage' during '10' seconds. Cannot invoke \"org.openqa.selenium.WebDriver.getCurrentUrl()\" because the return value of \"com.epam.jdi.light.driver.WebDriverFactory.getDriver()\" is null\n\tat com.epam.jdi.light.common.Exceptions.exception(Exceptions.java:31)\n\tat com.epam.jdi.light.actions.ActionHelper.actionFailed(ActionHelper.java:401)\n\tat com.jdiai.tools.func.JFunc2.execute(JFunc2.java:19)\n\tat com.epam.jdi.light.actions.ActionProcessor.jdiAround(ActionProcessor.java:55)\n\tat com.epam.jdi.light.elements.composite.WebPage.getUrl(WebPage.java:162)\n\tat org.mytests.tests.states.States.onSite(States.java:14)\n\tat org.mytests.tests.states.States.shouldBeLoggedIn(States.java:19)\n\tat org.mytests.tests.example.FormTests.fillContactFormTest(FormTests.java:29)\n\tat java.base/jdk.internal.reflect.NativeMethodAccessorImpl.invoke0(Native Method)\n\tat java.base/jdk.internal.reflect.NativeMethodAccessorImpl.invoke(NativeMethodAccessorImpl.java:64)\n\tat java.base/jdk.internal.reflect.DelegatingMethodAccessorImpl.invoke(DelegatingMethodAccessorImpl.java:43)\n\tat java.base/java.lang.reflect.Method.invoke(Method.java:564)\n\tat org.testng.internal.MethodInvocationHelper.invokeMethod(MethodInvocationHelper.java:133)\n\tat org.testng.internal.TestInvoker.invokeMethod(TestInvoker.java:598)\n\tat org.testng.internal.TestInvoker.invokeTestMethod(TestInvoker.java:173)\n\tat org.testng.internal.MethodRunner.runInSequence(MethodRunner.java:46)\n\tat org.testng.internal.TestInvoker$MethodInvocationAgent.invoke(TestInvoker.java:824)\n\tat org.testng.internal.TestInvoker.invokeTestMethods(TestInvoker.java:146)\n\tat org.testng.internal.TestMethodWorker.invokeTestMethods(TestMethodWorker.java:146)\n\tat org.testng.internal.TestMethodWorker.run(TestMethodWorker.java:128)\n\tat java.base/java.util.concurrent.ThreadPoolExecutor.runWorker(ThreadPoolExecutor.java:1130)\n\tat java.base/java.util.concurrent.ThreadPoolExecutor$Worker.run(ThreadPoolExecutor.java:630)\n\tat java.base/java.lang.Thread.run(Thread.java:832)\nCaused by: java.lang.RuntimeException: java.lang.NullPointerException\n\nFailed to execute 'WebPage.getUrl' for element 'WebPage' during '10' seconds. Cannot invoke \"org.openqa.selenium.WebDriver.getCurrentUrl()\" because the return value of \"com.epam.jdi.light.driver.WebDriverFactory.getDriver()\" is null\n\tat com.epam.jdi.light.common.Exceptions.exception(Exceptions.java:34)\n\tat com.epam.jdi.light.actions.ActionHelper.stableAction(ActionHelper.java:671)\n\tat com.epam.jdi.light.actions.ActionProcessor.jdiAround(ActionProcessor.java:48)\n\t... 19 more\nCaused by: java.lang.NullPointerException: Cannot invoke \"org.openqa.selenium.WebDriver.getCurrentUrl()\" because the return value of \"com.epam.jdi.light.driver.WebDriverFactory.getDriver()\" is null\n\tat com.epam.jdi.light.elements.composite.WebPage.getUrl_aroundBody16(WebPage.java:163)\n\tat com.epam.jdi.light.elements.composite.WebPage$AjcClosure17.run(WebPage.java:1)\n\tat org.aspectj.runtime.reflect.JoinPointImpl.proceed(JoinPointImpl.java:167)\n\tat com.epam.jdi.light.actions.ActionObject.execute(ActionObject.java:61)\n\tat com.epam.jdi.light.actions.ActionHelper.invokeAction(ActionHelper.java:681)\n\tat com.epam.jdi.light.actions.ActionHelper.stableAction(ActionHelper.java:669)\n\t... 20 more\n","flaky":false,"newFailed":false,"newBroken":false,"newPassed":false,"retriesCount":0,"retriesStatusChange":false,"beforeStages":[{"name":"setUp","time":{"start":1654274312022,"stop":1654274314052,"duration":2030},"description":"","status":"passed","steps":[],"attachments":[],"parameters":[],"stepsCount":0,"attachmentsCount":0,"shouldDisplayMessage":false,"hasContent":false}],"testStage":{"status":"broken","statusMessage":"\n[39:36.658] java.lang.NullPointerException\nFailed to execute 'WebPage.getUrl' for element 'WebPage' during '10' seconds. Cannot invoke \"org.openqa.selenium.WebDriver.getCurrentUrl()\" because the return value of \"com.epam.jdi.light.driver.WebDriverFactory.getDriver()\" is null","statusTrace":"java.lang.RuntimeException: \n[39:36.658] java.lang.NullPointerException\nFailed to execute 'WebPage.getUrl' for element 'WebPage' during '10' seconds. Cannot invoke \"org.openqa.selenium.WebDriver.getCurrentUrl()\" because the return value of \"com.epam.jdi.light.driver.WebDriverFactory.getDriver()\" is null\n\tat com.epam.jdi.light.common.Exceptions.exception(Exceptions.java:31)\n\tat com.epam.jdi.light.actions.ActionHelper.actionFailed(ActionHelper.java:401)\n\tat com.jdiai.tools.func.JFunc2.execute(JFunc2.java:19)\n\tat com.epam.jdi.light.actions.ActionProcessor.jdiAround(ActionProcessor.java:55)\n\tat com.epam.jdi.light.elements.composite.WebPage.getUrl(WebPage.java:162)\n\tat org.mytests.tests.states.States.onSite(States.java:14)\n\tat org.mytests.tests.states.States.shouldBeLoggedIn(States.java:19)\n\tat org.mytests.tests.example.FormTests.fillContactFormTest(FormTests.java:29)\n\tat java.base/jdk.internal.reflect.NativeMethodAccessorImpl.invoke0(Native Method)\n\tat java.base/jdk.internal.reflect.NativeMethodAccessorImpl.invoke(NativeMethodAccessorImpl.java:64)\n\tat java.base/jdk.internal.reflect.DelegatingMethodAccessorImpl.invoke(DelegatingMethodAccessorImpl.java:43)\n\tat java.base/java.lang.reflect.Method.invoke(Method.java:564)\n\tat org.testng.internal.MethodInvocationHelper.invokeMethod(MethodInvocationHelper.java:133)\n\tat org.testng.internal.TestInvoker.invokeMethod(TestInvoker.java:598)\n\tat org.testng.internal.TestInvoker.invokeTestMethod(TestInvoker.java:173)\n\tat org.testng.internal.MethodRunner.runInSequence(MethodRunner.java:46)\n\tat org.testng.internal.TestInvoker$MethodInvocationAgent.invoke(TestInvoker.java:824)\n\tat org.testng.internal.TestInvoker.invokeTestMethods(TestInvoker.java:146)\n\tat org.testng.internal.TestMethodWorker.invokeTestMethods(TestMethodWorker.java:146)\n\tat org.testng.internal.TestMethodWorker.run(TestMethodWorker.java:128)\n\tat java.base/java.util.concurrent.ThreadPoolExecutor.runWorker(ThreadPoolExecutor.java:1130)\n\tat java.base/java.util.concurrent.ThreadPoolExecutor$Worker.run(ThreadPoolExecutor.java:630)\n\tat java.base/java.lang.Thread.run(Thread.java:832)\nCaused by: java.lang.RuntimeException: java.lang.NullPointerException\n\nFailed to execute 'WebPage.getUrl' for element 'WebPage' during '10' seconds. Cannot invoke \"org.openqa.selenium.WebDriver.getCurrentUrl()\" because the return value of \"com.epam.jdi.light.driver.WebDriverFactory.getDriver()\" is null\n\tat com.epam.jdi.light.common.Exceptions.exception(Exceptions.java:34)\n\tat com.epam.jdi.light.actions.ActionHelper.stableAction(ActionHelper.java:671)\n\tat com.epam.jdi.light.actions.ActionProcessor.jdiAround(ActionProcessor.java:48)\n\t... 19 more\nCaused by: java.lang.NullPointerException: Cannot invoke \"org.openqa.selenium.WebDriver.getCurrentUrl()\" because the return value of \"com.epam.jdi.light.driver.WebDriverFactory.getDriver()\" is null\n\tat com.epam.jdi.light.elements.composite.WebPage.getUrl_aroundBody16(WebPage.java:163)\n\tat com.epam.jdi.light.elements.composite.WebPage$AjcClosure17.run(WebPage.java:1)\n\tat org.aspectj.runtime.reflect.JoinPointImpl.proceed(JoinPointImpl.java:167)\n\tat com.epam.jdi.light.actions.ActionObject.execute(ActionObject.java:61)\n\tat com.epam.jdi.light.actions.ActionHelper.invokeAction(ActionHelper.java:681)\n\tat com.epam.jdi.light.actions.ActionHelper.stableAction(ActionHelper.java:669)\n\t... 20 more\n","steps":[{"name":"shouldBeLoggedIn","time":{"start":1654274351248,"stop":1654274376659,"duration":25411},"status":"broken","statusMessage":"\n[39:36.658] java.lang.NullPointerException\nFailed to execute 'WebPage.getUrl' for element 'WebPage' during '10' seconds. Cannot invoke \"org.openqa.selenium.WebDriver.getCurrentUrl()\" because the return value of \"com.epam.jdi.light.driver.WebDriverFactory.getDriver()\" is null","statusTrace":"java.lang.RuntimeException: \n[39:36.658] java.lang.NullPointerException\nFailed to execute 'WebPage.getUrl' for element 'WebPage' during '10' seconds. Cannot invoke \"org.openqa.selenium.WebDriver.getCurrentUrl()\" because the return value of \"com.epam.jdi.light.driver.WebDriverFactory.getDriver()\" is null\n\tat com.epam.jdi.light.common.Exceptions.exception(Exceptions.java:31)\n\tat com.epam.jdi.light.actions.ActionHelper.actionFailed(ActionHelper.java:401)\n\tat com.jdiai.tools.func.JFunc2.execute(JFunc2.java:19)\n\tat com.epam.jdi.light.actions.ActionProcessor.jdiAround(ActionProcessor.java:55)\n\tat com.epam.jdi.light.elements.composite.WebPage.getUrl(WebPage.java:162)\n\tat org.mytests.tests.states.States.onSite(States.java:14)\n\tat org.mytests.tests.states.States.shouldBeLoggedIn(States.java:19)\n\tat org.mytests.tests.example.FormTests.fillContactFormTest(FormTests.java:29)\n\tat java.base/jdk.internal.reflect.NativeMethodAccessorImpl.invoke0(Native Method)\n\tat java.base/jdk.internal.reflect.NativeMethodAccessorImpl.invoke(NativeMethodAccessorImpl.java:64)\n\tat java.base/jdk.internal.reflect.DelegatingMethodAccessorImpl.invoke(DelegatingMethodAccessorImpl.java:43)\n\tat java.base/java.lang.reflect.Method.invoke(Method.java:564)\n\tat org.testng.internal.MethodInvocationHelper.invokeMethod(MethodInvocationHelper.java:133)\n\tat org.testng.internal.TestInvoker.invokeMethod(TestInvoker.java:598)\n\tat org.testng.internal.TestInvoker.invokeTestMethod(TestInvoker.java:173)\n\tat org.testng.internal.MethodRunner.runInSequence(MethodRunner.java:46)\n\tat org.testng.internal.TestInvoker$MethodInvocationAgent.invoke(TestInvoker.java:824)\n\tat org.testng.internal.TestInvoker.invokeTestMethods(TestInvoker.java:146)\n\tat org.testng.internal.TestMethodWorker.invokeTestMethods(TestMethodWorker.java:146)\n\tat org.testng.internal.TestMethodWorker.run(TestMethodWorker.java:128)\n\tat java.base/java.util.concurrent.ThreadPoolExecutor.runWorker(ThreadPoolExecutor.java:1130)\n\tat java.base/java.util.concurrent.ThreadPoolExecutor$Worker.run(ThreadPoolExecutor.java:630)\n\tat java.base/java.lang.Thread.run(Thread.java:832)\nCaused by: java.lang.RuntimeException: java.lang.NullPointerException\n\nFailed to execute 'WebPage.getUrl' for element 'WebPage' during '10' seconds. Cannot invoke \"org.openqa.selenium.WebDriver.getCurrentUrl()\" because the return value of \"com.epam.jdi.light.driver.WebDriverFactory.getDriver()\" is null\n\tat com.epam.jdi.light.common.Exceptions.exception(Exceptions.java:34)\n\tat com.epam.jdi.light.actions.ActionHelper.stableAction(ActionHelper.java:671)\n\tat com.epam.jdi.light.actions.ActionProcessor.jdiAround(ActionProcessor.java:48)\n\t... 19 more\nCaused by: java.lang.NullPointerException: Cannot invoke \"org.openqa.selenium.WebDriver.getCurrentUrl()\" because the return value of \"com.epam.jdi.light.driver.WebDriverFactory.getDriver()\" is null\n\tat com.epam.jdi.light.elements.composite.WebPage.getUrl_aroundBody16(WebPage.java:163)\n\tat com.epam.jdi.light.elements.composite.WebPage$AjcClosure17.run(WebPage.java:1)\n\tat org.aspectj.runtime.reflect.JoinPointImpl.proceed(JoinPointImpl.java:167)\n\tat com.epam.jdi.light.actions.ActionObject.execute(ActionObject.java:61)\n\tat com.epam.jdi.light.actions.ActionHelper.invokeAction(ActionHelper.java:681)\n\tat com.epam.jdi.light.actions.ActionHelper.stableAction(ActionHelper.java:669)\n\t... 20 more\n","steps":[],"attachments":[],"parameters":[],"stepsCount":0,"attachmentsCount":0,"shouldDisplayMessage":true,"hasContent":true}],"attachments":[],"parameters":[],"stepsCount":1,"attachmentsCount":0,"shouldDisplayMessage":false,"hasContent":true},"afterStages":[{"name":"teardown","time":{"start":1654274402722,"stop":1654274402768,"duration":46},"description":"","status":"passed","steps":[],"attachments":[],"parameters":[],"stepsCount":0,"attachmentsCount":0,"shouldDisplayMessage":false,"hasContent":false}],"labels":[{"name":"package","value":"org.mytests.tests.example.FormTests"},{"name":"testClass","value":"org.mytests.tests.example.FormTests"},{"name":"testMethod","value":"fillContactFormTest"},{"name":"parentSuite","value":"JDI-Light Performance"},{"name":"suite","value":"Tests"},{"name":"subSuite","value":"org.mytests.tests.example.FormTests"},{"name":"host","value":"fv-az292-435"},{"name":"thread","value":"2746@fv-az292-435.TestNG-test=Tests-2(20)"},{"name":"framework","value":"testng"},{"name":"language","value":"java"},{"name":"resultFormat","value":"allure2"}],"parameters":[],"links":[],"hidden":false,"retry":false,"extra":{"severity":"normal","retries":[],"categories":[{"name":"Test defects","matchedStatuses":[],"flaky":false}],"history":{"statistic":{"failed":0,"broken":2,"skipped":4,"passed":75,"unknown":0,"total":81},"items":[{"uid":"72e688e26b63867f","reportUrl":"https://jdi-templates.github.io/jdi-light-testng-template/13//#testresult/72e688e26b63867f","status":"broken","statusDetails":"java.lang.NullPointerException","time":{"start":1654274076083,"stop":1654274100263,"duration":24180}},{"uid":"598017ea44745c05","reportUrl":"https://jdi-templates.github.io/jdi-light-testng-template/12//#testresult/598017ea44745c05","status":"passed","time":{"start":1649161379932,"stop":1649161415411,"duration":35479}},{"uid":"b2ce207c5fe5d857","reportUrl":"https://jdi-templates.github.io/jdi-light-testng-template/12//#testresult/b2ce207c5fe5d857","status":"passed","time":{"start":1649161070580,"stop":1649161118064,"duration":47484}},{"uid":"a9829db354428152","reportUrl":"https://jdi-templates.github.io/jdi-light-testng-template/11//#testresult/a9829db354428152","status":"passed","time":{"start":1649158360077,"stop":1649158404919,"duration":44842}},{"uid":"69310aee1a8783d1","reportUrl":"https://jdi-templates.github.io/jdi-light-testng-template/11//#testresult/69310aee1a8783d1","status":"passed","time":{"start":1649158053054,"stop":1649158095967,"duration":42913}},{"uid":"17ed3b89c7aeb8fd","reportUrl":"https://jdi-templates.github.io/jdi-light-testng-template/8//#testresult/17ed3b89c7aeb8fd","status":"passed","time":{"start":1634235727445,"stop":1634235777123,"duration":49678}},{"uid":"1957605becb80556","reportUrl":"https://jdi-templates.github.io/jdi-light-testng-template/6//#testresult/1957605becb80556","status":"passed","time":{"start":1634232674812,"stop":1634232719140,"duration":44328}},{"uid":"28e1159a3c08c092","reportUrl":"https://jdi-templates.github.io/jdi-light-testng-template/3//#testresult/28e1159a3c08c092","status":"passed","time":{"start":1634231449416,"stop":1634231523260,"duration":73844}},{"uid":"f2b491dd98d17c98","reportUrl":"https://jdi-templates.github.io/jdi-light-testng-template/3//#testresult/f2b491dd98d17c98","status":"passed","time":{"start":1634230935294,"stop":1634231020264,"duration":84970}},{"uid":"d219f70184899323","reportUrl":"https://jdi-templates.github.io/jdi-light-testng-template/1//#testresult/d219f70184899323","status":"passed","time":{"start":1634230405857,"stop":1634230486099,"duration":80242}},{"uid":"658e20d8bf192522","reportUrl":"https://jdi-templates.github.io/jdi-light-testng-template/1//#testresult/658e20d8bf192522","status":"passed","time":{"start":1634230092959,"stop":1634230152942,"duration":59983}},{"uid":"2b64bfac654026c7","reportUrl":"https://jdi-templates.github.io/jdi-light-testng-template/1//#testresult/2b64bfac654026c7","status":"passed","time":{"start":1634229548984,"stop":1634229630134,"duration":81150}},{"uid":"3e9b07c1c52d35c8","reportUrl":"https://jdi-templates.github.io/jdi-light-testng-template/1//#testresult/3e9b07c1c52d35c8","status":"passed","time":{"start":1634229041575,"stop":1634229130926,"duration":89351}},{"uid":"7e8e34d9bf2abf4a","reportUrl":"https://jdi-templates.github.io/jdi-light-testng-template/1//#testresult/7e8e34d9bf2abf4a","status":"passed","time":{"start":1634228464897,"stop":1634228561582,"duration":96685}},{"uid":"db19cc74fe0f9f3d","reportUrl":"https://jdi-templates.github.io/jdi-light-testng-template/4//#testresult/db19cc74fe0f9f3d","status":"passed","time":{"start":1634228009132,"stop":1634228111683,"duration":102551}},{"uid":"9fdb07ef5002f0dc","reportUrl":"https://jdi-templates.github.io/jdi-light-testng-template/1//#testresult/9fdb07ef5002f0dc","status":"passed","time":{"start":1634227429997,"stop":1634227523275,"duration":93278}},{"uid":"ede5d02c644c8881","reportUrl":"https://jdi-templates.github.io/jdi-light-testng-template/14//#testresult/ede5d02c644c8881","status":"passed","time":{"start":1634224441933,"stop":1634224483607,"duration":41674}},{"uid":"dd0e5952070d47f1","reportUrl":"https://jdi-templates.github.io/jdi-light-testng-template/14//#testresult/dd0e5952070d47f1","status":"passed","time":{"start":1634224233063,"stop":1634224275380,"duration":42317}},{"uid":"fba8b76e77bb8958","reportUrl":"https://jdi-templates.github.io/jdi-light-testng-template/14//#testresult/fba8b76e77bb8958","status":"passed","time":{"start":1634223959182,"stop":1634224018698,"duration":59516}},{"uid":"34c21a417224f69b","reportUrl":"https://jdi-templates.github.io/jdi-light-testng-template/14//#testresult/34c21a417224f69b","status":"passed","time":{"start":1634223662209,"stop":1634223710483,"duration":48274}}]},"tags":[]},"source":"6cb5b94e97293ea.json","parameterValues":[]}